[2022-06-13 17:28:38,122] multiqc                                            [DEBUG  ]  No MultiQC config found: /usr/lib/python3/dist-packages/multiqc_config.yaml
[2022-06-13 17:28:38,122] multiqc                                            [DEBUG  ]  No MultiQC config found: /home/ankitamurmu111/.multiqc_config.yaml
[2022-06-13 17:28:38,122] multiqc                                            [DEBUG  ]  No MultiQC config found: multiqc_config.yaml
[2022-06-13 17:28:38,122] multiqc                                            [DEBUG  ]  Command used: /usr/bin/multiqc qc_reports -o qc_reports
[2022-06-13 17:28:39,998] multiqc                                            [WARNING]  MultiQC Version v1.12 now available!
[2022-06-13 17:28:39,998] multiqc                                            [INFO   ]  This is MultiQC v1.9
[2022-06-13 17:28:39,998] multiqc                                            [DEBUG  ]  Command     : /usr/bin/multiqc qc_reports -o qc_reports
[2022-06-13 17:28:39,998] multiqc                                            [DEBUG  ]  Working dir : /home/ankitamurmu111/stage_two/raw_read
[2022-06-13 17:28:39,998] multiqc                                            [INFO   ]  Template    : default
[2022-06-13 17:28:39,998] multiqc                                            [DEBUG  ]  Running Python 3.9.2 (default, Feb 28 2021, 17:03:44)  [GCC 10.2.1 20210110]
[2022-06-13 17:28:39,999] multiqc                                            [INFO   ]  Searching   : /home/ankitamurmu111/stage_two/raw_read/qc_reports
[2022-06-13 17:28:40,000] multiqc                                            [DEBUG  ]  Analysing modules: custom_content, conpair, peddy, somalier, methylQA, mosdepth, phantompeakqualtools, qualimap, preseq, quast, qorts, rna_seqc, rockhopper, rsem, rseqc, busco, goleft_indexcov, disambiguate, supernova, deeptools, sargasso, verifybamid, mirtrace, happy, mirtop, homer, macs2, theta2, snpeff, gatk, htseq, bcftools, featureCounts, fgbio, dragen, dedup, damageprofiler, biobambam2, mtnucratio, picard, prokka, samblaster, samtools, sexdeterrmine, bamtools, jellyfish, vcftools, longranger, stacks, varscan2, bbmap, bismark, biscuit, hicexplorer, hicup, hicpro, salmon, kallisto, slamdunk, star, hisat2, tophat, bowtie2, bowtie1, snpsplit, kat, leehom, adapterRemoval, clipandmerge, cutadapt, flexbar, kaiju, kraken, malt, trimmomatic, sickle, skewer, sortmerna, biobloomtools, fastq_screen, afterqc, fastp, fastqc, pycoqc, minionqc, multivcfanalyzer, clusterflow, bcl2fastq, interop, ivar, flash, seqyclean
[2022-06-13 17:28:40,000] multiqc                                            [DEBUG  ]  Using temporary directory for creating report: /tmp/tmp0hjr9sj8
[2022-06-13 17:28:40,042] multiqc                                            [DEBUG  ]  File ignored by hicexplorer because it exceeded search pattern filesize limit: SLGFSK-T_231336_r2_chr5_12_17_fastqc.html
[2022-06-13 17:28:40,044] multiqc                                            [DEBUG  ]  File ignored by longranger/invocation because it exceeded search pattern filesize limit: SLGFSK-T_231336_r2_chr5_12_17_fastqc.html
[2022-06-13 17:28:40,044] multiqc                                            [DEBUG  ]  File ignored by rockhopper because it exceeded search pattern filesize limit: SLGFSK-T_231336_r2_chr5_12_17_fastqc.html
[2022-06-13 17:28:40,044] multiqc                                            [DEBUG  ]  File ignored by rseqc/bam_stat because it exceeded search pattern filesize limit: SLGFSK-T_231336_r2_chr5_12_17_fastqc.html
[2022-06-13 17:28:40,044] multiqc                                            [DEBUG  ]  File ignored by rseqc/junction_annotation because it exceeded search pattern filesize limit: SLGFSK-T_231336_r2_chr5_12_17_fastqc.html
[2022-06-13 17:28:40,044] multiqc                                            [DEBUG  ]  File ignored by rseqc/read_distribution because it exceeded search pattern filesize limit: SLGFSK-T_231336_r2_chr5_12_17_fastqc.html
[2022-06-13 17:28:40,045] multiqc                                            [DEBUG  ]  File ignored by rseqc/infer_experiment because it exceeded search pattern filesize limit: SLGFSK-T_231336_r2_chr5_12_17_fastqc.html
[2022-06-13 17:28:40,192] multiqc                                            [DEBUG  ]  File ignored by hicexplorer because it exceeded search pattern filesize limit: SLGFSK-N_231335_r1_chr5_12_17_fastqc.html
[2022-06-13 17:28:40,194] multiqc                                            [DEBUG  ]  File ignored by longranger/invocation because it exceeded search pattern filesize limit: SLGFSK-N_231335_r1_chr5_12_17_fastqc.html
[2022-06-13 17:28:40,194] multiqc                                            [DEBUG  ]  File ignored by rockhopper because it exceeded search pattern filesize limit: SLGFSK-N_231335_r1_chr5_12_17_fastqc.html
[2022-06-13 17:28:40,194] multiqc                                            [DEBUG  ]  File ignored by rseqc/bam_stat because it exceeded search pattern filesize limit: SLGFSK-N_231335_r1_chr5_12_17_fastqc.html
[2022-06-13 17:28:40,194] multiqc                                            [DEBUG  ]  File ignored by rseqc/junction_annotation because it exceeded search pattern filesize limit: SLGFSK-N_231335_r1_chr5_12_17_fastqc.html
[2022-06-13 17:28:40,194] multiqc                                            [DEBUG  ]  File ignored by rseqc/read_distribution because it exceeded search pattern filesize limit: SLGFSK-N_231335_r1_chr5_12_17_fastqc.html
[2022-06-13 17:28:40,194] multiqc                                            [DEBUG  ]  File ignored by rseqc/infer_experiment because it exceeded search pattern filesize limit: SLGFSK-N_231335_r1_chr5_12_17_fastqc.html
[2022-06-13 17:28:40,252] multiqc                                            [DEBUG  ]  File ignored by hicexplorer because it exceeded search pattern filesize limit: SLGFSK-N_231335_r2_chr5_12_17_fastqc.html
[2022-06-13 17:28:40,253] multiqc                                            [DEBUG  ]  File ignored by longranger/invocation because it exceeded search pattern filesize limit: SLGFSK-N_231335_r2_chr5_12_17_fastqc.html
[2022-06-13 17:28:40,253] multiqc                                            [DEBUG  ]  File ignored by rockhopper because it exceeded search pattern filesize limit: SLGFSK-N_231335_r2_chr5_12_17_fastqc.html
[2022-06-13 17:28:40,254] multiqc                                            [DEBUG  ]  File ignored by rseqc/bam_stat because it exceeded search pattern filesize limit: SLGFSK-N_231335_r2_chr5_12_17_fastqc.html
[2022-06-13 17:28:40,254] multiqc                                            [DEBUG  ]  File ignored by rseqc/junction_annotation because it exceeded search pattern filesize limit: SLGFSK-N_231335_r2_chr5_12_17_fastqc.html
[2022-06-13 17:28:40,254] multiqc                                            [DEBUG  ]  File ignored by rseqc/read_distribution because it exceeded search pattern filesize limit: SLGFSK-N_231335_r2_chr5_12_17_fastqc.html
[2022-06-13 17:28:40,254] multiqc                                            [DEBUG  ]  File ignored by rseqc/infer_experiment because it exceeded search pattern filesize limit: SLGFSK-N_231335_r2_chr5_12_17_fastqc.html
[2022-06-13 17:28:40,314] multiqc                                            [DEBUG  ]  File ignored by hicexplorer because it exceeded search pattern filesize limit: SLGFSK-T_231336_r1_chr5_12_17_fastqc.html
[2022-06-13 17:28:40,315] multiqc                                            [DEBUG  ]  File ignored by longranger/invocation because it exceeded search pattern filesize limit: SLGFSK-T_231336_r1_chr5_12_17_fastqc.html
[2022-06-13 17:28:40,315] multiqc                                            [DEBUG  ]  File ignored by rockhopper because it exceeded search pattern filesize limit: SLGFSK-T_231336_r1_chr5_12_17_fastqc.html
[2022-06-13 17:28:40,315] multiqc                                            [DEBUG  ]  File ignored by rseqc/bam_stat because it exceeded search pattern filesize limit: SLGFSK-T_231336_r1_chr5_12_17_fastqc.html
[2022-06-13 17:28:40,315] multiqc                                            [DEBUG  ]  File ignored by rseqc/junction_annotation because it exceeded search pattern filesize limit: SLGFSK-T_231336_r1_chr5_12_17_fastqc.html
[2022-06-13 17:28:40,316] multiqc                                            [DEBUG  ]  File ignored by rseqc/read_distribution because it exceeded search pattern filesize limit: SLGFSK-T_231336_r1_chr5_12_17_fastqc.html
[2022-06-13 17:28:40,316] multiqc                                            [DEBUG  ]  File ignored by rseqc/infer_experiment because it exceeded search pattern filesize limit: SLGFSK-T_231336_r1_chr5_12_17_fastqc.html
[2022-06-13 17:28:43,872] multiqc.plots.bargraph                             [DEBUG  ]  Using matplotlib version 3.3.4
[2022-06-13 17:28:43,873] multiqc.plots.linegraph                            [DEBUG  ]  Using matplotlib version 3.3.4
[2022-06-13 17:28:43,874] multiqc                                            [DEBUG  ]  No samples found: custom_content
[2022-06-13 17:28:43,875] multiqc                                            [DEBUG  ]  No samples found: conpair
[2022-06-13 17:28:43,876] multiqc                                            [DEBUG  ]  No samples found: peddy
[2022-06-13 17:28:43,877] multiqc                                            [DEBUG  ]  No samples found: somalier
[2022-06-13 17:28:43,878] multiqc                                            [DEBUG  ]  No samples found: methylQA
[2022-06-13 17:28:43,880] multiqc                                            [DEBUG  ]  No samples found: mosdepth
[2022-06-13 17:28:43,881] multiqc                                            [DEBUG  ]  No samples found: phantompeakqualtools
[2022-06-13 17:28:43,881] multiqc                                            [DEBUG  ]  No samples found: qualimap
[2022-06-13 17:28:43,882] multiqc                                            [DEBUG  ]  No samples found: preseq
[2022-06-13 17:28:43,883] multiqc                                            [DEBUG  ]  No samples found: quast
[2022-06-13 17:28:43,884] multiqc                                            [DEBUG  ]  No samples found: qorts
[2022-06-13 17:28:43,885] multiqc                                            [DEBUG  ]  No samples found: rna_seqc
[2022-06-13 17:28:43,886] multiqc                                            [DEBUG  ]  No samples found: rockhopper
[2022-06-13 17:28:43,887] multiqc                                            [DEBUG  ]  No samples found: rsem
[2022-06-13 17:28:43,890] multiqc                                            [DEBUG  ]  No samples found: rseqc
[2022-06-13 17:28:43,891] multiqc                                            [DEBUG  ]  No samples found: busco
[2022-06-13 17:28:43,891] multiqc                                            [DEBUG  ]  No samples found: goleft_indexcov
[2022-06-13 17:28:43,892] multiqc                                            [DEBUG  ]  No samples found: disambiguate
[2022-06-13 17:28:43,893] multiqc                                            [DEBUG  ]  No samples found: supernova
[2022-06-13 17:28:43,896] multiqc                                            [DEBUG  ]  No samples found: deeptools
[2022-06-13 17:28:43,897] multiqc                                            [DEBUG  ]  No samples found: sargasso
[2022-06-13 17:28:43,898] multiqc                                            [DEBUG  ]  No samples found: verifybamid
[2022-06-13 17:28:43,899] multiqc                                            [DEBUG  ]  No samples found: mirtrace
[2022-06-13 17:28:43,900] multiqc                                            [DEBUG  ]  No samples found: happy
[2022-06-13 17:28:43,901] multiqc                                            [DEBUG  ]  No samples found: mirtop
[2022-06-13 17:28:43,902] multiqc                                            [DEBUG  ]  No samples found: homer
[2022-06-13 17:28:43,903] multiqc                                            [DEBUG  ]  No samples found: macs2
[2022-06-13 17:28:43,904] multiqc                                            [DEBUG  ]  No samples found: theta2
[2022-06-13 17:28:43,905] multiqc                                            [DEBUG  ]  No samples found: snpeff
[2022-06-13 17:28:43,906] multiqc                                            [DEBUG  ]  No samples found: gatk
[2022-06-13 17:28:43,907] multiqc                                            [DEBUG  ]  No samples found: htseq
[2022-06-13 17:28:43,908] multiqc                                            [DEBUG  ]  No samples found: bcftools
[2022-06-13 17:28:43,909] multiqc                                            [DEBUG  ]  No samples found: featureCounts
[2022-06-13 17:28:43,910] multiqc                                            [DEBUG  ]  No samples found: fgbio
[2022-06-13 17:28:43,914] multiqc                                            [DEBUG  ]  No samples found: dragen
[2022-06-13 17:28:43,914] multiqc                                            [DEBUG  ]  No samples found: dedup
[2022-06-13 17:28:43,915] multiqc                                            [DEBUG  ]  No samples found: damageprofiler
[2022-06-13 17:28:43,921] multiqc                                            [DEBUG  ]  No samples found: biobambam2
[2022-06-13 17:28:43,922] multiqc                                            [DEBUG  ]  No samples found: mtnucratio
[2022-06-13 17:28:43,922] multiqc                                            [DEBUG  ]  No samples found: picard
[2022-06-13 17:28:43,923] multiqc                                            [DEBUG  ]  No samples found: prokka
[2022-06-13 17:28:43,924] multiqc                                            [DEBUG  ]  No samples found: samblaster
[2022-06-13 17:28:43,928] multiqc                                            [DEBUG  ]  No samples found: samtools
[2022-06-13 17:28:43,929] multiqc                                            [DEBUG  ]  No samples found: sexdeterrmine
[2022-06-13 17:28:43,930] multiqc                                            [DEBUG  ]  No samples found: bamtools
[2022-06-13 17:28:43,931] multiqc                                            [DEBUG  ]  No samples found: jellyfish
[2022-06-13 17:28:43,933] multiqc                                            [DEBUG  ]  No samples found: vcftools
[2022-06-13 17:28:43,934] multiqc                                            [DEBUG  ]  No samples found: longranger
[2022-06-13 17:28:43,934] multiqc                                            [DEBUG  ]  No samples found: stacks
[2022-06-13 17:28:43,935] multiqc                                            [DEBUG  ]  No samples found: varscan2
[2022-06-13 17:28:43,939] multiqc                                            [DEBUG  ]  No samples found: bbmap
[2022-06-13 17:28:43,940] multiqc                                            [DEBUG  ]  No samples found: bismark
[2022-06-13 17:28:43,941] multiqc                                            [DEBUG  ]  No samples found: biscuit
[2022-06-13 17:28:43,942] multiqc                                            [DEBUG  ]  No samples found: hicexplorer
[2022-06-13 17:28:43,942] multiqc                                            [DEBUG  ]  No samples found: hicup
[2022-06-13 17:28:43,943] multiqc                                            [DEBUG  ]  No samples found: hicpro
[2022-06-13 17:28:43,944] multiqc                                            [DEBUG  ]  No samples found: salmon
[2022-06-13 17:28:43,945] multiqc                                            [DEBUG  ]  No samples found: kallisto
[2022-06-13 17:28:43,946] multiqc                                            [DEBUG  ]  No samples found: slamdunk
[2022-06-13 17:28:43,946] multiqc                                            [DEBUG  ]  No samples found: star
[2022-06-13 17:28:43,947] multiqc                                            [DEBUG  ]  No samples found: hisat2
[2022-06-13 17:28:43,948] multiqc                                            [DEBUG  ]  No samples found: tophat
[2022-06-13 17:28:43,949] multiqc                                            [DEBUG  ]  No samples found: bowtie2
[2022-06-13 17:28:43,949] multiqc                                            [DEBUG  ]  No samples found: bowtie1
[2022-06-13 17:28:43,950] multiqc                                            [DEBUG  ]  No samples found: snpsplit
[2022-06-13 17:28:43,951] multiqc                                            [DEBUG  ]  No samples found: kat
[2022-06-13 17:28:43,953] multiqc                                            [DEBUG  ]  No samples found: leehom
[2022-06-13 17:28:43,954] multiqc                                            [DEBUG  ]  No samples found: adapterRemoval
[2022-06-13 17:28:43,955] multiqc                                            [DEBUG  ]  No samples found: clipandmerge
[2022-06-13 17:28:43,956] multiqc                                            [DEBUG  ]  No samples found: cutadapt
[2022-06-13 17:28:43,957] multiqc                                            [DEBUG  ]  No samples found: flexbar
[2022-06-13 17:28:43,958] multiqc                                            [DEBUG  ]  No samples found: kaiju
[2022-06-13 17:28:43,959] multiqc                                            [DEBUG  ]  No samples found: kraken
[2022-06-13 17:28:43,959] multiqc                                            [DEBUG  ]  No samples found: malt
[2022-06-13 17:28:43,960] multiqc                                            [DEBUG  ]  No samples found: trimmomatic
[2022-06-13 17:28:43,961] multiqc                                            [DEBUG  ]  No samples found: sickle
[2022-06-13 17:28:43,962] multiqc                                            [DEBUG  ]  No samples found: skewer
[2022-06-13 17:28:43,962] multiqc                                            [DEBUG  ]  No samples found: sortmerna
[2022-06-13 17:28:43,963] multiqc                                            [DEBUG  ]  No samples found: biobloomtools
[2022-06-13 17:28:43,964] multiqc                                            [DEBUG  ]  No samples found: fastq_screen
[2022-06-13 17:28:43,965] multiqc                                            [DEBUG  ]  No samples found: afterqc
[2022-06-13 17:28:43,966] multiqc                                            [DEBUG  ]  No samples found: fastp
[2022-06-13 17:28:44,091] multiqc.modules.fastqc.fastqc                      [INFO   ]  Found 4 reports
[2022-06-13 17:28:44,160] multiqc                                            [DEBUG  ]  No samples found: pycoqc
[2022-06-13 17:28:44,160] multiqc                                            [DEBUG  ]  No samples found: minionqc
[2022-06-13 17:28:44,161] multiqc                                            [DEBUG  ]  No samples found: multivcfanalyzer
[2022-06-13 17:28:44,162] multiqc                                            [DEBUG  ]  No samples found: clusterflow
[2022-06-13 17:28:44,163] multiqc                                            [DEBUG  ]  No samples found: bcl2fastq
[2022-06-13 17:28:44,164] multiqc                                            [DEBUG  ]  No samples found: interop
[2022-06-13 17:28:44,165] multiqc                                            [DEBUG  ]  No samples found: ivar
[2022-06-13 17:28:44,166] multiqc                                            [DEBUG  ]  No samples found: flash
[2022-06-13 17:28:44,167] multiqc                                            [DEBUG  ]  No samples found: seqyclean
[2022-06-13 17:28:44,174] multiqc                                            [INFO   ]  Compressing plot data
[2022-06-13 17:28:44,255] multiqc                                            [INFO   ]  Report      : qc_reports/multiqc_report.html
[2022-06-13 17:28:44,256] multiqc                                            [INFO   ]  Data        : qc_reports/multiqc_data
[2022-06-13 17:28:44,257] multiqc                                            [DEBUG  ]  Moving data file from '/tmp/tmp0hjr9sj8/multiqc_data' to 'qc_reports/multiqc_data'
[2022-06-13 17:28:44,369] multiqc                                            [INFO   ]  MultiQC complete
